users added
deleted old entries
activity types created
could not find bird Bird in database -> id: ID
could not find bird Bird in database
no start date for cage transfer No 7
no start date for cage transfer No 34
no start date for cage transfer No 44
no start date for cage transfer No 101
no start date for cage transfer No 102
no start date for cage transfer No 234
could not find bird  in database
could not find bird  in database
could not find bird demo in database
could not find bird demo in database
could not find bird  in database
could not find bird  in database
could not find bird  in database
could not find bird  in database
could not find bird  in database
could not find bird  in database
could not find bird  in database
could not find bird  in database
could not find bird  in database
could not find bird  in database
could not find bird  in database
could not find bird  in database
could not find bird  in database
could not find bird  in database
could not find bird  in database
could not find bird  in database
could not find bird  in database
could not find bird  in database
could not find bird  in database
could not find bird  in database
could not find bird  in database
could not find bird  in database
could not find bird  in database
could not find bird  in database
could not find bird  in database
could not find bird  in database
could not find bird  in database
could not find bird  in database
could not find bird  in database
could not find bird  in database
could not find bird  in database
could not find bird  in database
could not find bird  in database
could not find bird  in database
could not find bird  in database
could not find bird  in database
could not find bird  in database
could not find bird  in database
could not find bird  in database
could not find bird  in database
could not find bird  in database
could not find bird  in database
could not find bird  in database
could not find bird  in database
could not find bird  in database
could not find bird  in database
could not find bird  in database
could not find bird  in database
could not find bird  in database
no start date for cage transfer No 5569
could not find bird  in database
could not find bird  in database
could not find bird  in database
could not find bird  in database
could not find bird  in database
could not find bird  in database
could not find bird  in database
could not find bird  in database
could not find bird  in database
could not find bird  in database
could not find bird  in database
could not find bird  in database
could not find bird  in database
could not find bird  in database
could not find bird  in database
could not find bird  in database
no start date for cage transfer No 7256
could not find bird  in database
could not find bird  in database
could not find bird  in database
could not find bird  in database
could not find bird  in database
could not find bird  in database
could not find bird  in database
no start date for cage transfer No 7751
could not find bird  in database
could not find bird  in database
could not find bird  in database
could not find bird  in database
could not find bird  in database
could not find bird  in database
could not find bird  in database
could not find bird  in database
done importing activities!!
all done
