##  C O U P L I N G   N o   G E N E R A T I O N S - C O N S I S T E N C Y - L O G
##  -----------------------------------
##  writing mode: append
##  discard existing log: True
##  log datetime: True
##  -----------------------------------
$$  Fri Jan 14 20:15:02 2011 $$  coupling id in new db$1$number of generations in old db$3 Gen.
$$  Fri Jan 14 20:15:02 2011 $$  coupling id in new db$2$number of generations in old db$1 Gen.
$$  Fri Jan 14 20:15:02 2011 $$  coupling id in new db$3$number of generations in old db$3 Gen.
$$  Fri Jan 14 20:15:02 2011 $$  coupling id in new db$4$number of generations in old db$
$$  Fri Jan 14 20:15:02 2011 $$  coupling id in new db$5$number of generations in old db$2 Gen.
$$  Fri Jan 14 20:15:02 2011 $$  coupling id in new db$6$number of generations in old db$2 Gen.
$$  Fri Jan 14 20:15:02 2011 $$  coupling id in new db$7$number of generations in old db$1 Gen.
$$  Fri Jan 14 20:15:02 2011 $$  coupling id in new db$8$number of generations in old db$3 Gen.
$$  Fri Jan 14 20:15:02 2011 $$  coupling id in new db$9$number of generations in old db$3 Gen.
$$  Fri Jan 14 20:15:02 2011 $$  coupling id in new db$10$number of generations in old db$4 Gen.
$$  Fri Jan 14 20:15:02 2011 $$  coupling id in new db$11$number of generations in old db$3 Gen.
$$  Fri Jan 14 20:15:02 2011 $$  coupling id in new db$12$number of generations in old db$3 Gen.
$$  Fri Jan 14 20:15:02 2011 $$  coupling id in new db$13$number of generations in old db$3 Gen.
$$  Fri Jan 14 20:15:02 2011 $$  coupling id in new db$14$number of generations in old db$4 Gen.
$$  Fri Jan 14 20:15:02 2011 $$  coupling id in new db$15$number of generations in old db$3 Gen.
$$  Fri Jan 14 20:15:02 2011 $$  coupling id in new db$16$number of generations in old db$No Success
$$  Fri Jan 14 20:15:02 2011 $$  coupling id in new db$17$number of generations in old db$1 Gen.
$$  Fri Jan 14 20:15:02 2011 $$  coupling id in new db$18$number of generations in old db$3 Gen.
$$  Fri Jan 14 20:15:02 2011 $$  coupling id in new db$19$number of generations in old db$1 Gen.
$$  Fri Jan 14 20:15:02 2011 $$  coupling id in new db$20$number of generations in old db$3 Gen.
$$  Fri Jan 14 20:15:02 2011 $$  coupling id in new db$21$number of generations in old db$3 Gen.
$$  Fri Jan 14 20:15:02 2011 $$  coupling id in new db$22$number of generations in old db$4 Gen.
$$  Fri Jan 14 20:15:02 2011 $$  coupling id in new db$23$number of generations in old db$3 Gen.
$$  Fri Jan 14 20:15:02 2011 $$  coupling id in new db$24$number of generations in old db$1 Gen.
$$  Fri Jan 14 20:15:02 2011 $$  coupling id in new db$25$number of generations in old db$3 Gen.
$$  Fri Jan 14 20:15:02 2011 $$  coupling id in new db$26$number of generations in old db$3 Gen.
$$  Fri Jan 14 20:15:02 2011 $$  coupling id in new db$27$number of generations in old db$1 Gen.
$$  Fri Jan 14 20:15:02 2011 $$  coupling id in new db$28$number of generations in old db$1 Gen.
$$  Fri Jan 14 20:15:02 2011 $$  coupling id in new db$29$number of generations in old db$1 Gen.
$$  Fri Jan 14 20:15:02 2011 $$  coupling id in new db$30$number of generations in old db$1 Gen.
$$  Fri Jan 14 20:15:02 2011 $$  coupling id in new db$31$number of generations in old db$2 Gen.
$$  Fri Jan 14 20:15:02 2011 $$  coupling id in new db$32$number of generations in old db$
$$  Fri Jan 14 20:15:02 2011 $$  coupling id in new db$33$number of generations in old db$3 Gen.
$$  Fri Jan 14 20:15:02 2011 $$  coupling id in new db$34$number of generations in old db$3 Gen.
$$  Fri Jan 14 20:15:02 2011 $$  coupling id in new db$35$number of generations in old db$No Success
$$  Fri Jan 14 20:15:02 2011 $$  coupling id in new db$36$number of generations in old db$2 Gen.
$$  Fri Jan 14 20:15:02 2011 $$  coupling id in new db$37$number of generations in old db$1 Gen.
$$  Fri Jan 14 20:15:02 2011 $$  coupling id in new db$38$number of generations in old db$3 Gen.
$$  Fri Jan 14 20:15:02 2011 $$  coupling id in new db$39$number of generations in old db$3 Gen.
$$  Fri Jan 14 20:15:02 2011 $$  coupling id in new db$40$number of generations in old db$No Success
$$  Fri Jan 14 20:15:02 2011 $$  coupling id in new db$41$number of generations in old db$1 Gen.
$$  Fri Jan 14 20:15:02 2011 $$  coupling id in new db$42$number of generations in old db$2 Gen.
$$  Fri Jan 14 20:15:02 2011 $$  coupling id in new db$43$number of generations in old db$3 Gen.
$$  Fri Jan 14 20:15:02 2011 $$  coupling id in new db$44$number of generations in old db$1 Gen.
$$  Fri Jan 14 20:15:02 2011 $$  coupling id in new db$45$number of generations in old db$1 Gen.
$$  Fri Jan 14 20:15:02 2011 $$  coupling id in new db$46$number of generations in old db$3 Gen.
$$  Fri Jan 14 20:15:02 2011 $$  coupling id in new db$47$number of generations in old db$4 Gen.
$$  Fri Jan 14 20:15:03 2011 $$  coupling id in new db$48$number of generations in old db$1 Gen.
$$  Fri Jan 14 20:15:03 2011 $$  coupling id in new db$49$number of generations in old db$
$$  Fri Jan 14 20:15:03 2011 $$  coupling id in new db$50$number of generations in old db$No Success
$$  Fri Jan 14 20:15:03 2011 $$  coupling id in new db$51$number of generations in old db$No Success
$$  Fri Jan 14 20:15:03 2011 $$  coupling id in new db$52$number of generations in old db$4 Gen.
$$  Fri Jan 14 20:15:03 2011 $$  coupling id in new db$53$number of generations in old db$2 Gen.
$$  Fri Jan 14 20:15:03 2011 $$  coupling id in new db$54$number of generations in old db$1 Gen.
$$  Fri Jan 14 20:15:03 2011 $$  coupling id in new db$55$number of generations in old db$1 Gen.
$$  Fri Jan 14 20:15:03 2011 $$  coupling id in new db$56$number of generations in old db$1 Gen.
$$  Fri Jan 14 20:15:03 2011 $$  coupling id in new db$57$number of generations in old db$No Success
$$  Fri Jan 14 20:15:03 2011 $$  coupling id in new db$58$number of generations in old db$3 Gen.
$$  Fri Jan 14 20:15:03 2011 $$  coupling id in new db$59$number of generations in old db$3 Gen.
$$  Fri Jan 14 20:15:03 2011 $$  coupling id in new db$60$number of generations in old db$5 Gen.
$$  Fri Jan 14 20:15:03 2011 $$  coupling id in new db$61$number of generations in old db$2 Gen.
$$  Fri Jan 14 20:15:03 2011 $$  coupling id in new db$62$number of generations in old db$1 Gen.
$$  Fri Jan 14 20:15:03 2011 $$  coupling id in new db$63$number of generations in old db$No Success
$$  Fri Jan 14 20:15:03 2011 $$  coupling id in new db$64$number of generations in old db$2 Gen.
$$  Fri Jan 14 20:15:03 2011 $$  coupling id in new db$65$number of generations in old db$3 Gen.
$$  Fri Jan 14 20:15:03 2011 $$  coupling id in new db$66$number of generations in old db$2 Gen.
$$  Fri Jan 14 20:15:03 2011 $$  coupling id in new db$67$number of generations in old db$1 Gen.
$$  Fri Jan 14 20:15:03 2011 $$  coupling id in new db$68$number of generations in old db$No Success
$$  Fri Jan 14 20:15:03 2011 $$  coupling id in new db$69$number of generations in old db$2 Gen.
$$  Fri Jan 14 20:15:03 2011 $$  coupling id in new db$70$number of generations in old db$No Success
$$  Fri Jan 14 20:15:03 2011 $$  coupling id in new db$71$number of generations in old db$3 Gen.
$$  Fri Jan 14 20:15:03 2011 $$  coupling id in new db$72$number of generations in old db$3 Gen.
$$  Fri Jan 14 20:15:03 2011 $$  coupling id in new db$73$number of generations in old db$1 Gen.
$$  Fri Jan 14 20:15:03 2011 $$  coupling id in new db$74$number of generations in old db$3 Gen.
$$  Fri Jan 14 20:15:03 2011 $$  coupling id in new db$75$number of generations in old db$
$$  Fri Jan 14 20:15:03 2011 $$  coupling id in new db$76$number of generations in old db$3 Gen.
$$  Fri Jan 14 20:15:03 2011 $$  coupling id in new db$77$number of generations in old db$1 Gen.
$$  Fri Jan 14 20:15:03 2011 $$  coupling id in new db$78$number of generations in old db$1 Gen.
$$  Fri Jan 14 20:15:03 2011 $$  coupling id in new db$79$number of generations in old db$3 Gen.
$$  Fri Jan 14 20:15:03 2011 $$  coupling id in new db$80$number of generations in old db$No Success
$$  Fri Jan 14 20:15:03 2011 $$  coupling id in new db$81$number of generations in old db$2 Gen.
$$  Fri Jan 14 20:15:03 2011 $$  coupling id in new db$82$number of generations in old db$
$$  Fri Jan 14 20:15:03 2011 $$  coupling id in new db$83$number of generations in old db$1 Gen.
$$  Fri Jan 14 20:15:03 2011 $$  coupling id in new db$84$number of generations in old db$No Success
$$  Fri Jan 14 20:15:03 2011 $$  coupling id in new db$85$number of generations in old db$4 Gen.
$$  Fri Jan 14 20:15:03 2011 $$  coupling id in new db$86$number of generations in old db$3 Gen.
$$  Fri Jan 14 20:15:03 2011 $$  coupling id in new db$87$number of generations in old db$
$$  Fri Jan 14 20:15:03 2011 $$  coupling id in new db$88$number of generations in old db$2 Gen.
$$  Fri Jan 14 20:15:03 2011 $$  coupling id in new db$89$number of generations in old db$1 Gen.
$$  Fri Jan 14 20:15:03 2011 $$  coupling id in new db$90$number of generations in old db$4 Gen.
$$  Fri Jan 14 20:15:03 2011 $$  coupling id in new db$91$number of generations in old db$2 Gen.
$$  Fri Jan 14 20:15:03 2011 $$  coupling id in new db$92$number of generations in old db$3 Gen.
$$  Fri Jan 14 20:15:03 2011 $$  coupling id in new db$93$number of generations in old db$4 Gen.
$$  Fri Jan 14 20:15:03 2011 $$  coupling id in new db$94$number of generations in old db$3 Gen.
$$  Fri Jan 14 20:15:03 2011 $$  coupling id in new db$95$number of generations in old db$4 Gen.
$$  Fri Jan 14 20:15:03 2011 $$  coupling id in new db$96$number of generations in old db$2 Gen.
$$  Fri Jan 14 20:15:03 2011 $$  coupling id in new db$97$number of generations in old db$3 Gen.
$$  Fri Jan 14 20:15:03 2011 $$  coupling id in new db$98$number of generations in old db$
$$  Fri Jan 14 20:15:03 2011 $$  coupling id in new db$99$number of generations in old db$1 Gen.
$$  Fri Jan 14 20:15:03 2011 $$  coupling id in new db$100$number of generations in old db$5 Gen.
$$  Fri Jan 14 20:15:03 2011 $$  coupling id in new db$101$number of generations in old db$
$$  Fri Jan 14 20:15:03 2011 $$  coupling id in new db$102$number of generations in old db$1 Gen.
$$  Fri Jan 14 20:15:03 2011 $$  coupling id in new db$103$number of generations in old db$2 Gen.
$$  Fri Jan 14 20:15:03 2011 $$  coupling id in new db$104$number of generations in old db$3 Gen.
$$  Fri Jan 14 20:15:03 2011 $$  coupling id in new db$105$number of generations in old db$4 Gen.
$$  Fri Jan 14 20:15:03 2011 $$  coupling id in new db$106$number of generations in old db$1 Gen.
$$  Fri Jan 14 20:15:03 2011 $$  coupling id in new db$107$number of generations in old db$No Success
$$  Fri Jan 14 20:15:03 2011 $$  coupling id in new db$108$number of generations in old db$2 Gen.
$$  Fri Jan 14 20:15:03 2011 $$  coupling id in new db$109$number of generations in old db$1 Gen.
$$  Fri Jan 14 20:15:03 2011 $$  coupling id in new db$110$number of generations in old db$3 Gen.
$$  Fri Jan 14 20:15:03 2011 $$  coupling id in new db$111$number of generations in old db$3 Gen.
$$  Fri Jan 14 20:15:03 2011 $$  coupling id in new db$112$number of generations in old db$1 Gen.
$$  Fri Jan 14 20:15:03 2011 $$  coupling id in new db$113$number of generations in old db$1 Gen.
$$  Fri Jan 14 20:15:03 2011 $$  coupling id in new db$114$number of generations in old db$1 Gen.
$$  Fri Jan 14 20:15:03 2011 $$  coupling id in new db$115$number of generations in old db$3 Gen.
$$  Fri Jan 14 20:15:03 2011 $$  coupling id in new db$116$number of generations in old db$3 Gen.
$$  Fri Jan 14 20:15:03 2011 $$  coupling id in new db$117$number of generations in old db$3 Gen.
$$  Fri Jan 14 20:15:03 2011 $$  coupling id in new db$118$number of generations in old db$3 Gen.
$$  Fri Jan 14 20:15:03 2011 $$  coupling id in new db$119$number of generations in old db$3 Gen.
$$  Fri Jan 14 20:15:03 2011 $$  coupling id in new db$120$number of generations in old db$3 Gen.
$$  Fri Jan 14 20:15:03 2011 $$  coupling id in new db$121$number of generations in old db$3 Gen.
$$  Fri Jan 14 20:15:03 2011 $$  coupling id in new db$122$number of generations in old db$1 Gen.
$$  Fri Jan 14 20:15:03 2011 $$  coupling id in new db$123$number of generations in old db$1 Gen.
$$  Fri Jan 14 20:15:03 2011 $$  coupling id in new db$124$number of generations in old db$
$$  Fri Jan 14 20:15:03 2011 $$  coupling id in new db$125$number of generations in old db$1 Gen.
$$  Fri Jan 14 20:15:03 2011 $$  coupling id in new db$126$number of generations in old db$No Success
$$  Fri Jan 14 20:15:03 2011 $$  coupling id in new db$127$number of generations in old db$No Success
$$  Fri Jan 14 20:15:03 2011 $$  coupling id in new db$128$number of generations in old db$3 Gen.
$$  Fri Jan 14 20:15:03 2011 $$  coupling id in new db$129$number of generations in old db$3 Gen.
$$  Fri Jan 14 20:15:03 2011 $$  coupling id in new db$130$number of generations in old db$3 Gen.
$$  Fri Jan 14 20:15:03 2011 $$  coupling id in new db$131$number of generations in old db$No Success
$$  Fri Jan 14 20:15:03 2011 $$  coupling id in new db$132$number of generations in old db$3 Gen.
$$  Fri Jan 14 20:15:03 2011 $$  coupling id in new db$133$number of generations in old db$No Success
$$  Fri Jan 14 20:15:03 2011 $$  coupling id in new db$134$number of generations in old db$No Success
$$  Fri Jan 14 20:15:04 2011 $$  coupling id in new db$135$number of generations in old db$No Success
$$  Fri Jan 14 20:15:04 2011 $$  coupling id in new db$136$number of generations in old db$3 Gen.
$$  Fri Jan 14 20:15:04 2011 $$  coupling id in new db$137$number of generations in old db$1 Gen.
$$  Fri Jan 14 20:15:04 2011 $$  coupling id in new db$138$number of generations in old db$No Success
$$  Fri Jan 14 20:15:04 2011 $$  coupling id in new db$139$number of generations in old db$3 Gen.
$$  Fri Jan 14 20:15:04 2011 $$  coupling id in new db$140$number of generations in old db$2 Gen.
$$  Fri Jan 14 20:15:04 2011 $$  coupling id in new db$141$number of generations in old db$3 Gen.
$$  Fri Jan 14 20:15:04 2011 $$  coupling id in new db$142$number of generations in old db$2 Gen.
$$  Fri Jan 14 20:15:04 2011 $$  coupling id in new db$143$number of generations in old db$1 Gen.
$$  Fri Jan 14 20:15:04 2011 $$  coupling id in new db$144$number of generations in old db$No Success
$$  Fri Jan 14 20:15:04 2011 $$  coupling id in new db$145$number of generations in old db$
$$  Fri Jan 14 20:15:04 2011 $$  coupling id in new db$146$number of generations in old db$No Success
$$  Fri Jan 14 20:15:04 2011 $$  coupling id in new db$147$number of generations in old db$3 Gen.
$$  Fri Jan 14 20:15:04 2011 $$  coupling id in new db$148$number of generations in old db$1 Gen.
$$  Fri Jan 14 20:15:04 2011 $$  coupling id in new db$149$number of generations in old db$2 Gen.
$$  Fri Jan 14 20:15:04 2011 $$  coupling id in new db$150$number of generations in old db$2 Gen.
$$  Fri Jan 14 20:15:04 2011 $$  coupling id in new db$151$number of generations in old db$1 Gen.
$$  Fri Jan 14 20:15:04 2011 $$  coupling id in new db$152$number of generations in old db$3 Gen.
$$  Fri Jan 14 20:15:04 2011 $$  coupling id in new db$153$number of generations in old db$No Success
$$  Fri Jan 14 20:15:04 2011 $$  coupling id in new db$154$number of generations in old db$
$$  Fri Jan 14 20:15:04 2011 $$  coupling id in new db$155$number of generations in old db$2 Gen.
$$  Fri Jan 14 20:15:04 2011 $$  coupling id in new db$156$number of generations in old db$3 Gen.
$$  Fri Jan 14 20:15:04 2011 $$  coupling id in new db$157$number of generations in old db$1 Gen.
$$  Fri Jan 14 20:15:04 2011 $$  coupling id in new db$158$number of generations in old db$1 Gen.
$$  Fri Jan 14 20:15:04 2011 $$  coupling id in new db$159$number of generations in old db$1 Gen.
$$  Fri Jan 14 20:15:04 2011 $$  coupling id in new db$160$number of generations in old db$1 Gen.
$$  Fri Jan 14 20:15:04 2011 $$  coupling id in new db$161$number of generations in old db$2 Gen.
$$  Fri Jan 14 20:15:04 2011 $$  coupling id in new db$162$number of generations in old db$3 Gen.
$$  Fri Jan 14 20:15:04 2011 $$  coupling id in new db$163$number of generations in old db$1 Gen.
$$  Fri Jan 14 20:15:04 2011 $$  coupling id in new db$164$number of generations in old db$No Success
$$  Fri Jan 14 20:15:04 2011 $$  coupling id in new db$165$number of generations in old db$2 Gen.
$$  Fri Jan 14 20:15:04 2011 $$  coupling id in new db$166$number of generations in old db$1 Gen.
$$  Fri Jan 14 20:15:04 2011 $$  coupling id in new db$167$number of generations in old db$1 Gen.
$$  Fri Jan 14 20:15:04 2011 $$  coupling id in new db$168$number of generations in old db$3 Gen.
$$  Fri Jan 14 20:15:04 2011 $$  coupling id in new db$169$number of generations in old db$1 Gen.
$$  Fri Jan 14 20:15:04 2011 $$  coupling id in new db$170$number of generations in old db$1 Gen.
$$  Fri Jan 14 20:15:04 2011 $$  coupling id in new db$171$number of generations in old db$
$$  Fri Jan 14 20:15:04 2011 $$  coupling id in new db$172$number of generations in old db$1 Gen.
$$  Fri Jan 14 20:15:04 2011 $$  coupling id in new db$173$number of generations in old db$1 Gen.
$$  Fri Jan 14 20:15:04 2011 $$  coupling id in new db$174$number of generations in old db$1 Gen.
$$  Fri Jan 14 20:15:04 2011 $$  coupling id in new db$175$number of generations in old db$3 Gen.
$$  Fri Jan 14 20:15:04 2011 $$  coupling id in new db$176$number of generations in old db$1 Gen.
$$  Fri Jan 14 20:15:04 2011 $$  coupling id in new db$177$number of generations in old db$3 Gen.
$$  Fri Jan 14 20:15:04 2011 $$  coupling id in new db$178$number of generations in old db$
$$  Fri Jan 14 20:15:04 2011 $$  coupling id in new db$179$number of generations in old db$No Success
$$  Fri Jan 14 20:15:04 2011 $$  coupling id in new db$180$number of generations in old db$2 Gen.
$$  Fri Jan 14 20:15:04 2011 $$  coupling id in new db$181$number of generations in old db$
$$  Fri Jan 14 20:15:04 2011 $$  coupling id in new db$182$number of generations in old db$
$$  Fri Jan 14 20:15:04 2011 $$  coupling id in new db$183$number of generations in old db$2 Gen.
$$  Fri Jan 14 20:15:04 2011 $$  coupling id in new db$184$number of generations in old db$2 Gen.
$$  Fri Jan 14 20:15:04 2011 $$  coupling id in new db$185$number of generations in old db$3 Gen.
$$  Fri Jan 14 20:15:04 2011 $$  coupling id in new db$186$number of generations in old db$1 Gen.
$$  Fri Jan 14 20:15:04 2011 $$  coupling id in new db$187$number of generations in old db$3 Gen.
$$  Fri Jan 14 20:15:04 2011 $$  coupling id in new db$188$number of generations in old db$3 Gen.
$$  Fri Jan 14 20:15:04 2011 $$  coupling id in new db$189$number of generations in old db$
$$  Fri Jan 14 20:15:04 2011 $$  coupling id in new db$190$number of generations in old db$2 Gen.
$$  Fri Jan 14 20:15:04 2011 $$  coupling id in new db$191$number of generations in old db$
$$  Fri Jan 14 20:15:04 2011 $$  coupling id in new db$192$number of generations in old db$3 Gen.
$$  Fri Jan 14 20:15:04 2011 $$  coupling id in new db$193$number of generations in old db$No Success
$$  Fri Jan 14 20:15:04 2011 $$  coupling id in new db$194$number of generations in old db$No Success
$$  Fri Jan 14 20:15:04 2011 $$  coupling id in new db$195$number of generations in old db$
$$  Fri Jan 14 20:15:04 2011 $$  coupling id in new db$196$number of generations in old db$
$$  Fri Jan 14 20:15:04 2011 $$  coupling id in new db$197$number of generations in old db$
$$  Fri Jan 14 20:15:04 2011 $$  coupling id in new db$198$number of generations in old db$1 Gen.
$$  Fri Jan 14 20:15:04 2011 $$  coupling id in new db$199$number of generations in old db$2 Gen.
$$  Fri Jan 14 20:15:04 2011 $$  coupling id in new db$200$number of generations in old db$2 Gen.
$$  Fri Jan 14 20:15:04 2011 $$  coupling id in new db$201$number of generations in old db$1 Gen.
$$  Fri Jan 14 20:15:04 2011 $$  coupling id in new db$202$number of generations in old db$1 Gen.
$$  Fri Jan 14 20:15:04 2011 $$  coupling id in new db$203$number of generations in old db$1 Gen.
$$  Fri Jan 14 20:15:04 2011 $$  coupling id in new db$204$number of generations in old db$3 Gen.
$$  Fri Jan 14 20:15:04 2011 $$  coupling id in new db$205$number of generations in old db$
$$  Fri Jan 14 20:15:04 2011 $$  coupling id in new db$206$number of generations in old db$1 Gen.
$$  Fri Jan 14 20:15:04 2011 $$  coupling id in new db$207$number of generations in old db$
$$  Fri Jan 14 20:15:04 2011 $$  coupling id in new db$208$number of generations in old db$
$$  Fri Jan 14 20:15:04 2011 $$  coupling id in new db$209$number of generations in old db$1 Gen.
$$  Fri Jan 14 20:15:04 2011 $$  coupling id in new db$210$number of generations in old db$1 Gen.
$$  Fri Jan 14 20:15:04 2011 $$  coupling id in new db$211$number of generations in old db$
$$  Fri Jan 14 20:15:04 2011 $$  coupling id in new db$212$number of generations in old db$1 Gen.
$$  Fri Jan 14 20:15:04 2011 $$  coupling id in new db$213$number of generations in old db$No Success
$$  Fri Jan 14 20:15:04 2011 $$  coupling id in new db$214$number of generations in old db$No Success
$$  Fri Jan 14 20:15:04 2011 $$  coupling id in new db$215$number of generations in old db$3 Gen.
$$  Fri Jan 14 20:15:04 2011 $$  coupling id in new db$216$number of generations in old db$2 Gen.
$$  Fri Jan 14 20:15:04 2011 $$  coupling id in new db$217$number of generations in old db$No Success
$$  Fri Jan 14 20:15:05 2011 $$  coupling id in new db$218$number of generations in old db$1 Gen.
$$  Fri Jan 14 20:15:05 2011 $$  coupling id in new db$219$number of generations in old db$No Success
$$  Fri Jan 14 20:15:05 2011 $$  coupling id in new db$220$number of generations in old db$
$$  Fri Jan 14 20:15:05 2011 $$  coupling id in new db$221$number of generations in old db$2 Gen.
$$  Fri Jan 14 20:15:05 2011 $$  coupling id in new db$222$number of generations in old db$No Success
$$  Fri Jan 14 20:15:05 2011 $$  coupling id in new db$223$number of generations in old db$No Success
$$  Fri Jan 14 20:15:05 2011 $$  coupling id in new db$224$number of generations in old db$3 Gen.
$$  Fri Jan 14 20:15:05 2011 $$  coupling id in new db$225$number of generations in old db$No Success
$$  Fri Jan 14 20:15:05 2011 $$  coupling id in new db$226$number of generations in old db$No Success
$$  Fri Jan 14 20:15:05 2011 $$  coupling id in new db$227$number of generations in old db$3 Gen.
$$  Fri Jan 14 20:15:05 2011 $$  coupling id in new db$228$number of generations in old db$No Success
$$  Fri Jan 14 20:15:05 2011 $$  coupling id in new db$229$number of generations in old db$3 Gen.
$$  Fri Jan 14 20:15:05 2011 $$  coupling id in new db$230$number of generations in old db$No Success
$$  Fri Jan 14 20:15:05 2011 $$  coupling id in new db$231$number of generations in old db$3 Gen.
$$  Fri Jan 14 20:15:05 2011 $$  coupling id in new db$232$number of generations in old db$3 Gen.
$$  Fri Jan 14 20:15:05 2011 $$  coupling id in new db$233$number of generations in old db$1 Gen.
$$  Fri Jan 14 20:15:05 2011 $$  coupling id in new db$234$number of generations in old db$No Success
$$  Fri Jan 14 20:15:05 2011 $$  coupling id in new db$235$number of generations in old db$1 Gen.
$$  Fri Jan 14 20:15:05 2011 $$  coupling id in new db$236$number of generations in old db$2 Gen.
$$  Fri Jan 14 20:15:05 2011 $$  coupling id in new db$237$number of generations in old db$3 Gen.
$$  Fri Jan 14 20:15:05 2011 $$  coupling id in new db$238$number of generations in old db$No Success
$$  Fri Jan 14 20:15:05 2011 $$  coupling id in new db$239$number of generations in old db$3 Gen.
$$  Fri Jan 14 20:15:05 2011 $$  coupling id in new db$240$number of generations in old db$3 Gen.
$$  Fri Jan 14 20:15:05 2011 $$  coupling id in new db$241$number of generations in old db$2 Gen.
$$  Fri Jan 14 20:15:05 2011 $$  coupling id in new db$242$number of generations in old db$No Success
$$  Fri Jan 14 20:15:05 2011 $$  coupling id in new db$243$number of generations in old db$No Success
$$  Fri Jan 14 20:15:05 2011 $$  coupling id in new db$244$number of generations in old db$3 Gen.
$$  Fri Jan 14 20:15:05 2011 $$  coupling id in new db$245$number of generations in old db$3 Gen.
$$  Fri Jan 14 20:15:05 2011 $$  coupling id in new db$246$number of generations in old db$No Success
$$  Fri Jan 14 20:15:05 2011 $$  coupling id in new db$247$number of generations in old db$No Success
$$  Fri Jan 14 20:15:05 2011 $$  coupling id in new db$248$number of generations in old db$3 Gen.
$$  Fri Jan 14 20:15:05 2011 $$  coupling id in new db$249$number of generations in old db$3 Gen.
$$  Fri Jan 14 20:15:05 2011 $$  coupling id in new db$250$number of generations in old db$3 Gen.
$$  Fri Jan 14 20:15:05 2011 $$  coupling id in new db$251$number of generations in old db$1 Gen.
$$  Fri Jan 14 20:15:05 2011 $$  coupling id in new db$252$number of generations in old db$No Success
$$  Fri Jan 14 20:15:05 2011 $$  coupling id in new db$253$number of generations in old db$No Success
$$  Fri Jan 14 20:15:05 2011 $$  coupling id in new db$254$number of generations in old db$1 Gen.
$$  Fri Jan 14 20:15:05 2011 $$  coupling id in new db$255$number of generations in old db$2 Gen.
$$  Fri Jan 14 20:15:05 2011 $$  coupling id in new db$256$number of generations in old db$1 Gen.
$$  Fri Jan 14 20:15:05 2011 $$  coupling id in new db$257$number of generations in old db$3 Gen.
$$  Fri Jan 14 20:15:05 2011 $$  coupling id in new db$258$number of generations in old db$No Success
$$  Fri Jan 14 20:15:05 2011 $$  coupling id in new db$259$number of generations in old db$2 Gen.
$$  Fri Jan 14 20:15:05 2011 $$  coupling id in new db$260$number of generations in old db$1 Gen.
$$  Fri Jan 14 20:15:05 2011 $$  coupling id in new db$261$number of generations in old db$3 Gen.
$$  Fri Jan 14 20:15:05 2011 $$  coupling id in new db$262$number of generations in old db$3 Gen.
$$  Fri Jan 14 20:15:05 2011 $$  coupling id in new db$263$number of generations in old db$3 Gen.
$$  Fri Jan 14 20:15:05 2011 $$  coupling id in new db$264$number of generations in old db$No Success
$$  Fri Jan 14 20:15:05 2011 $$  coupling id in new db$265$number of generations in old db$
$$  Fri Jan 14 20:15:05 2011 $$  coupling id in new db$266$number of generations in old db$No Success
$$  Fri Jan 14 20:15:05 2011 $$  coupling id in new db$267$number of generations in old db$No Success
$$  Fri Jan 14 20:15:05 2011 $$  coupling id in new db$268$number of generations in old db$No Success
$$  Fri Jan 14 20:15:05 2011 $$  coupling id in new db$269$number of generations in old db$2 Gen.
$$  Fri Jan 14 20:15:05 2011 $$  coupling id in new db$270$number of generations in old db$3 Gen.
$$  Fri Jan 14 20:15:05 2011 $$  coupling id in new db$271$number of generations in old db$No Success
$$  Fri Jan 14 20:15:05 2011 $$  coupling id in new db$272$number of generations in old db$2 Gen.
$$  Fri Jan 14 20:15:05 2011 $$  coupling id in new db$273$number of generations in old db$3 Gen.
$$  Fri Jan 14 20:15:05 2011 $$  coupling id in new db$274$number of generations in old db$No Success
$$  Fri Jan 14 20:15:05 2011 $$  coupling id in new db$275$number of generations in old db$3 Gen.
$$  Fri Jan 14 20:15:05 2011 $$  coupling id in new db$276$number of generations in old db$No Success
$$  Fri Jan 14 20:15:05 2011 $$  coupling id in new db$277$number of generations in old db$No Success
$$  Fri Jan 14 20:15:05 2011 $$  coupling id in new db$278$number of generations in old db$2 Gen.
$$  Fri Jan 14 20:15:05 2011 $$  coupling id in new db$279$number of generations in old db$
$$  Fri Jan 14 20:15:05 2011 $$  coupling id in new db$280$number of generations in old db$1 Gen.
$$  Fri Jan 14 20:15:05 2011 $$  coupling id in new db$281$number of generations in old db$1 Gen.
$$  Fri Jan 14 20:15:05 2011 $$  coupling id in new db$282$number of generations in old db$No Success
$$  Fri Jan 14 20:15:05 2011 $$  coupling id in new db$283$number of generations in old db$2 Gen.
$$  Fri Jan 14 20:15:05 2011 $$  coupling id in new db$284$number of generations in old db$3 Gen.
$$  Fri Jan 14 20:15:05 2011 $$  coupling id in new db$285$number of generations in old db$3 Gen.
$$  Fri Jan 14 20:15:05 2011 $$  coupling id in new db$286$number of generations in old db$1 Gen.
$$  Fri Jan 14 20:15:05 2011 $$  coupling id in new db$287$number of generations in old db$3 Gen.
$$  Fri Jan 14 20:15:05 2011 $$  coupling id in new db$288$number of generations in old db$No Success
$$  Fri Jan 14 20:15:05 2011 $$  coupling id in new db$289$number of generations in old db$3 Gen.
$$  Fri Jan 14 20:15:05 2011 $$  coupling id in new db$290$number of generations in old db$1 Gen.
$$  Fri Jan 14 20:15:05 2011 $$  coupling id in new db$291$number of generations in old db$1 Gen.
$$  Fri Jan 14 20:15:05 2011 $$  coupling id in new db$292$number of generations in old db$No Success
$$  Fri Jan 14 20:15:05 2011 $$  coupling id in new db$293$number of generations in old db$
$$  Fri Jan 14 20:15:05 2011 $$  coupling id in new db$294$number of generations in old db$4 Gen.+
$$  Fri Jan 14 20:15:05 2011 $$  coupling id in new db$295$number of generations in old db$No Success
$$  Fri Jan 14 20:15:05 2011 $$  coupling id in new db$296$number of generations in old db$No Success
$$  Fri Jan 14 20:15:05 2011 $$  coupling id in new db$297$number of generations in old db$4 Gen.
$$  Fri Jan 14 20:15:05 2011 $$  coupling id in new db$298$number of generations in old db$3 Gen.
$$  Fri Jan 14 20:15:05 2011 $$  coupling id in new db$299$number of generations in old db$No Success
$$  Fri Jan 14 20:15:05 2011 $$  coupling id in new db$300$number of generations in old db$1 Gen.
$$  Fri Jan 14 20:15:05 2011 $$  coupling id in new db$301$number of generations in old db$3 Gen.
$$  Fri Jan 14 20:15:05 2011 $$  coupling id in new db$302$number of generations in old db$
$$  Fri Jan 14 20:15:05 2011 $$  coupling id in new db$303$number of generations in old db$3 Gen.
$$  Fri Jan 14 20:15:05 2011 $$  coupling id in new db$304$number of generations in old db$2 Gen.
$$  Fri Jan 14 20:15:06 2011 $$  coupling id in new db$305$number of generations in old db$2 Gen.
$$  Fri Jan 14 20:15:06 2011 $$  coupling id in new db$306$number of generations in old db$2 Gen.
$$  Fri Jan 14 20:15:06 2011 $$  coupling id in new db$307$number of generations in old db$3 Gen.
$$  Fri Jan 14 20:15:06 2011 $$  coupling id in new db$308$number of generations in old db$1 Gen.
$$  Fri Jan 14 20:15:06 2011 $$  coupling id in new db$309$number of generations in old db$3 Gen.
$$  Fri Jan 14 20:15:06 2011 $$  coupling id in new db$310$number of generations in old db$No Success
$$  Fri Jan 14 20:15:06 2011 $$  coupling id in new db$311$number of generations in old db$2 Gen.
$$  Fri Jan 14 20:15:06 2011 $$  coupling id in new db$312$number of generations in old db$No Success
$$  Fri Jan 14 20:15:06 2011 $$  coupling id in new db$313$number of generations in old db$3 Gen.
$$  Fri Jan 14 20:15:06 2011 $$  coupling id in new db$314$number of generations in old db$3 Gen.
$$  Fri Jan 14 20:15:06 2011 $$  coupling id in new db$315$number of generations in old db$No Success
$$  Fri Jan 14 20:15:06 2011 $$  coupling id in new db$316$number of generations in old db$3 Gen.
$$  Fri Jan 14 20:15:06 2011 $$  coupling id in new db$317$number of generations in old db$1 Gen.
$$  Fri Jan 14 20:15:06 2011 $$  coupling id in new db$318$number of generations in old db$No Success
$$  Fri Jan 14 20:15:06 2011 $$  coupling id in new db$319$number of generations in old db$3 Gen.
$$  Fri Jan 14 20:15:06 2011 $$  coupling id in new db$320$number of generations in old db$2 Gen.
$$  Fri Jan 14 20:15:06 2011 $$  coupling id in new db$321$number of generations in old db$1 Gen.
$$  Fri Jan 14 20:15:06 2011 $$  coupling id in new db$322$number of generations in old db$2 Gen.
$$  Fri Jan 14 20:15:06 2011 $$  coupling id in new db$323$number of generations in old db$1 Gen.
$$  Fri Jan 14 20:15:06 2011 $$  coupling id in new db$324$number of generations in old db$No Success
$$  Fri Jan 14 20:15:06 2011 $$  coupling id in new db$325$number of generations in old db$1 Gen.
$$  Fri Jan 14 20:15:06 2011 $$  coupling id in new db$326$number of generations in old db$2 Gen.
$$  Fri Jan 14 20:15:06 2011 $$  coupling id in new db$327$number of generations in old db$1 Gen.
$$  Fri Jan 14 20:15:06 2011 $$  coupling id in new db$328$number of generations in old db$3 Gen.
$$  Fri Jan 14 20:15:06 2011 $$  coupling id in new db$329$number of generations in old db$4 Gen.
$$  Fri Jan 14 20:15:06 2011 $$  coupling id in new db$330$number of generations in old db$No Success
$$  Fri Jan 14 20:15:06 2011 $$  coupling id in new db$331$number of generations in old db$
$$  Fri Jan 14 20:15:06 2011 $$  coupling id in new db$332$number of generations in old db$2 Gen.
$$  Fri Jan 14 20:15:06 2011 $$  coupling id in new db$333$number of generations in old db$No Success
$$  Fri Jan 14 20:15:06 2011 $$  coupling id in new db$334$number of generations in old db$2 Gen.
$$  Fri Jan 14 20:15:06 2011 $$  coupling id in new db$335$number of generations in old db$2 Gen.
$$  Fri Jan 14 20:15:06 2011 $$  coupling id in new db$336$number of generations in old db$3 Gen.
$$  Fri Jan 14 20:15:06 2011 $$  coupling id in new db$337$number of generations in old db$1 Gen.
$$  Fri Jan 14 20:15:06 2011 $$  coupling id in new db$338$number of generations in old db$3 Gen.
$$  Fri Jan 14 20:15:06 2011 $$  coupling id in new db$339$number of generations in old db$3 Gen.
$$  Fri Jan 14 20:15:06 2011 $$  coupling id in new db$340$number of generations in old db$2 Gen.
$$  Fri Jan 14 20:15:06 2011 $$  coupling id in new db$341$number of generations in old db$2 Gen.
$$  Fri Jan 14 20:15:06 2011 $$  coupling id in new db$342$number of generations in old db$3 Gen.
$$  Fri Jan 14 20:15:06 2011 $$  coupling id in new db$343$number of generations in old db$4 Gen.
$$  Fri Jan 14 20:15:06 2011 $$  coupling id in new db$344$number of generations in old db$1 Gen.
$$  Fri Jan 14 20:15:06 2011 $$  coupling id in new db$345$number of generations in old db$2 Gen.
$$  Fri Jan 14 20:15:06 2011 $$  coupling id in new db$346$number of generations in old db$2 Gen.
$$  Fri Jan 14 20:15:06 2011 $$  coupling id in new db$347$number of generations in old db$
$$  Fri Jan 14 20:15:06 2011 $$  coupling id in new db$348$number of generations in old db$3 Gen.
$$  Fri Jan 14 20:15:06 2011 $$  coupling id in new db$349$number of generations in old db$1 Gen.
$$  Fri Jan 14 20:15:06 2011 $$  coupling id in new db$350$number of generations in old db$1 Gen.
$$  Fri Jan 14 20:15:06 2011 $$  coupling id in new db$351$number of generations in old db$No Success
$$  Fri Jan 14 20:15:06 2011 $$  coupling id in new db$352$number of generations in old db$2 Gen.
$$  Fri Jan 14 20:15:06 2011 $$  coupling id in new db$353$number of generations in old db$1 Gen.
$$  Fri Jan 14 20:15:06 2011 $$  coupling id in new db$354$number of generations in old db$1 Gen.
$$  Fri Jan 14 20:15:06 2011 $$  coupling id in new db$355$number of generations in old db$1 Gen.
$$  Fri Jan 14 20:15:06 2011 $$  coupling id in new db$356$number of generations in old db$2 Gen.
$$  Fri Jan 14 20:15:06 2011 $$  coupling id in new db$357$number of generations in old db$1 Gen.
$$  Fri Jan 14 20:15:06 2011 $$  coupling id in new db$358$number of generations in old db$
$$  Fri Jan 14 20:15:06 2011 $$  coupling id in new db$359$number of generations in old db$1 Gen.
$$  Fri Jan 14 20:15:06 2011 $$  coupling id in new db$360$number of generations in old db$3 Gen.
$$  Fri Jan 14 20:15:06 2011 $$  coupling id in new db$361$number of generations in old db$3 Gen.
$$  Fri Jan 14 20:15:06 2011 $$  coupling id in new db$362$number of generations in old db$2 Gen.
$$  Fri Jan 14 20:15:06 2011 $$  coupling id in new db$363$number of generations in old db$3 Gen.
$$  Fri Jan 14 20:15:06 2011 $$  coupling id in new db$364$number of generations in old db$3 Gen.
$$  Fri Jan 14 20:15:06 2011 $$  coupling id in new db$365$number of generations in old db$1 Gen.
$$  Fri Jan 14 20:15:06 2011 $$  coupling id in new db$366$number of generations in old db$3 Gen.
$$  Fri Jan 14 20:15:06 2011 $$  coupling id in new db$367$number of generations in old db$1 Gen.
$$  Fri Jan 14 20:15:06 2011 $$  coupling id in new db$368$number of generations in old db$No Success
$$  Fri Jan 14 20:15:06 2011 $$  coupling id in new db$369$number of generations in old db$2 Gen.
$$  Fri Jan 14 20:15:06 2011 $$  coupling id in new db$370$number of generations in old db$2 Gen.
$$  Fri Jan 14 20:15:06 2011 $$  coupling id in new db$371$number of generations in old db$2 Gen.
$$  Fri Jan 14 20:15:06 2011 $$  coupling id in new db$372$number of generations in old db$
$$  Fri Jan 14 20:15:06 2011 $$  coupling id in new db$373$number of generations in old db$1 Gen.
$$  Fri Jan 14 20:15:06 2011 $$  coupling id in new db$374$number of generations in old db$2 Gen.
$$  Fri Jan 14 20:15:06 2011 $$  coupling id in new db$375$number of generations in old db$2 Gen.
$$  Fri Jan 14 20:15:06 2011 $$  coupling id in new db$376$number of generations in old db$1 Gen.
$$  Fri Jan 14 20:15:06 2011 $$  coupling id in new db$377$number of generations in old db$1 Gen.
$$  Fri Jan 14 20:15:06 2011 $$  coupling id in new db$378$number of generations in old db$1 Gen.
$$  Fri Jan 14 20:15:06 2011 $$  coupling id in new db$379$number of generations in old db$1 Gen.
$$  Fri Jan 14 20:15:06 2011 $$  coupling id in new db$380$number of generations in old db$
$$  Fri Jan 14 20:15:06 2011 $$  coupling id in new db$381$number of generations in old db$1 Gen.
$$  Fri Jan 14 20:15:06 2011 $$  coupling id in new db$382$number of generations in old db$1 Gen.
$$  Fri Jan 14 20:15:06 2011 $$  coupling id in new db$383$number of generations in old db$1 Gen.
$$  Fri Jan 14 20:15:06 2011 $$  coupling id in new db$384$number of generations in old db$1 Gen.
$$  Fri Jan 14 20:15:06 2011 $$  coupling id in new db$385$number of generations in old db$1 Gen.
$$  Fri Jan 14 20:15:06 2011 $$  coupling id in new db$386$number of generations in old db$1 Gen.
$$  Fri Jan 14 20:15:06 2011 $$  coupling id in new db$387$number of generations in old db$1 Gen.
$$  Fri Jan 14 20:15:06 2011 $$  coupling id in new db$388$number of generations in old db$1 Gen.
$$  Fri Jan 14 20:15:06 2011 $$  coupling id in new db$389$number of generations in old db$1 Gen.
$$  Fri Jan 14 20:15:06 2011 $$  coupling id in new db$390$number of generations in old db$1 Gen.
$$  Fri Jan 14 20:15:06 2011 $$  coupling id in new db$391$number of generations in old db$2 Gen.
$$  Fri Jan 14 20:15:06 2011 $$  coupling id in new db$392$number of generations in old db$1 Gen.
$$  Fri Jan 14 20:15:06 2011 $$  coupling id in new db$393$number of generations in old db$
$$  Fri Jan 14 20:15:06 2011 $$  coupling id in new db$394$number of generations in old db$1 Gen.
$$  Fri Jan 14 20:15:06 2011 $$  coupling id in new db$395$number of generations in old db$2 Gen.
$$  Fri Jan 14 20:15:06 2011 $$  coupling id in new db$396$number of generations in old db$
$$  Fri Jan 14 20:15:06 2011 $$  coupling id in new db$397$number of generations in old db$
$$  Fri Jan 14 20:15:06 2011 $$  coupling id in new db$398$number of generations in old db$
$$  Fri Jan 14 20:15:06 2011 $$  coupling id in new db$399$number of generations in old db$
